<?xml version="1.0" encoding="UTF-8"?>
<!-- Generated by org.testng.reporters.JUnitReportReporter -->
<testsuite skipped="0" hostname="INBL01LAP30354" name="skills.TC_NewEmployee_004Test" tests="1" failures="0" timestamp="2023-01-13T14:30:16 IST" time="22.502" errors="0">
  <testcase name="Booking" time="22.502" classname="skills.TC_NewEmployee_004Test"/>
  <system-out/>
</testsuite> <!-- skills.TC_NewEmployee_004Test -->
