<?xml version="1.0" encoding="UTF-8"?>
<!-- Generated by org.testng.reporters.JUnitReportReporter -->
<testsuite skipped="0" hostname="INBL01LAP30354" name="skills.TC_Owner_003Test" tests="1" failures="0" timestamp="2023-01-13T12:30:27 IST" time="17.801" errors="0">
  <testcase name="Booking" time="17.801" classname="skills.TC_Owner_003Test"/>
  <system-out/>
</testsuite> <!-- skills.TC_Owner_003Test -->
