<?xml version="1.0" encoding="UTF-8"?>
<!-- Generated by org.testng.reporters.JUnitReportReporter -->
<testsuite skipped="0" hostname="INBL01LAP30354" name="skills.TC_MovieBokking_001Test" tests="1" failures="0" timestamp="2022-10-14T11:11:08 IST" time="18.536" errors="0">
  <testcase name="Booking" time="18.536" classname="skills.TC_MovieBokking_001Test"/>
  <system-out>
Home Page is displayed successfully Movie page is displyed Movie Ticket Booked successfully  </system-out>
</testsuite> <!-- skills.TC_MovieBokking_001Test -->
